



   ---------------------------------------------------------------------------
     START OF THE SEQUENTIAL LEAST SQUARES PROGRAMMING ALGORIT  
   ---------------------------------------------------------------------------

     PARAMETERS:
        ACC =   0.1000D-07
        MAXITER =500
        IPRINT =   1
IOUT =  60


     ITER =    1     OBJ =  0.64415474E-17
     ITER =    2     OBJ =  0.37259400E-01
     ITER =    3     OBJ =  0.24270040E-01
     ITER =    4     OBJ =  0.29267173E-01
     ITER =    5     OBJ =  0.29262100E-01
     ITER =    6     OBJ =  0.29246962E-01
     ITER =    7     OBJ =  0.29242351E-01
     ITER =    8     OBJ =  0.29235487E-01
     ITER =    9     OBJ =  0.29223645E-01
     ITER =   10     OBJ =  0.29212153E-01
     ITER =   11     OBJ =  0.29201011E-01
     ITER =   12     OBJ =  0.29190201E-01
     ITER =   13     OBJ =  0.29179711E-01
     ITER =   14     OBJ =  0.29169529E-01
     ITER =   15     OBJ =  0.29156719E-01
     ITER =   16     OBJ =  0.29138543E-01
     ITER =   17     OBJ =  0.29110307E-01
     ITER =   18     OBJ =  0.29064153E-01
     ITER =   19     OBJ =  0.28987988E-01
     ITER =   20     OBJ =  0.28889408E-01
     ITER =   21     OBJ =  0.28778319E-01
     ITER =   22     OBJ =  0.28717450E-01
     ITER =   23     OBJ =  0.28766075E-01
     ITER =   24     OBJ =  0.28787195E-01
     ITER =   25     OBJ =  0.28787374E-01
        NUMBER OF FUNC-CALLS:  NFUNC =  59
        NUMBER OF GRAD-CALLS:  NGRAD =  26
