



   ---------------------------------------------------------------------------
     START OF THE SEQUENTIAL LEAST SQUARES PROGRAMMING ALGORIT  
   ---------------------------------------------------------------------------

     PARAMETERS:
        ACC =   0.1000D-05
        MAXITER =500
        IPRINT =   1
IOUT =  60


     ITER =    1     OBJ =  0.85656304E-01
     ITER =    2     OBJ =  0.81535696E-01
     ITER =    3     OBJ =  0.70259042E-01
     ITER =    4     OBJ =  0.68044002E-01
     ITER =    5     OBJ =  0.67921226E-01
     ITER =    6     OBJ =  0.67809212E-01
     ITER =    7     OBJ =  0.67487206E-01
     ITER =    8     OBJ =  0.66882263E-01
     ITER =    9     OBJ =  0.65929121E-01
     ITER =   10     OBJ =  0.65118842E-01
     ITER =   11     OBJ =  0.64859428E-01
     ITER =   12     OBJ =  0.64829257E-01
     ITER =   13     OBJ =  0.64826149E-01
     ITER =   14     OBJ =  0.64822887E-01
     ITER =   15     OBJ =  0.64811027E-01
     ITER =   16     OBJ =  0.64784683E-01
     ITER =   17     OBJ =  0.64720421E-01
     ITER =   18     OBJ =  0.64596032E-01
     ITER =   19     OBJ =  0.64416864E-01
     ITER =   20     OBJ =  0.64275935E-01
     ITER =   21     OBJ =  0.64240066E-01
     ITER =   22     OBJ =  0.64237575E-01
        NUMBER OF FUNC-CALLS:  NFUNC =  23
        NUMBER OF GRAD-CALLS:  NGRAD =  23
